2012-08-09 16:06:31,211 - Log4JLogChute initialized using file 'velocity.log'
2012-08-09 16:06:31,211 - Initializing Velocity, Calling init()...
2012-08-09 16:06:31,211 - Starting Apache Velocity v1.7 (compiled: 2010-11-19 12:14:37)
2012-08-09 16:06:31,212 - Default Properties File: org/apache/velocity/runtime/defaults/velocity.properties
2012-08-09 16:06:31,212 - Trying to use logger class org.apache.velocity.runtime.log.AvalonLogChute
2012-08-09 16:06:31,212 - Target log system for org.apache.velocity.runtime.log.AvalonLogChute is not available (java.lang.NoClassDefFoundError: org/apache/log/format/Formatter).  Falling back to next log system...
2012-08-09 16:06:31,212 - Trying to use logger class org.apache.velocity.runtime.log.Log4JLogChute
2012-08-09 16:06:31,212 - Using logger class org.apache.velocity.runtime.log.Log4JLogChute
2012-08-09 16:06:31,219 - ResourceLoader instantiated: org.apache.velocity.runtime.resource.loader.FileResourceLoader
2012-08-09 16:06:31,221 - Do unicode file recognition:  false
2012-08-09 16:06:31,221 - FileResourceLoader : adding path '.'
2012-08-09 16:06:31,300 - ResourceCache: initialized (class org.apache.velocity.runtime.resource.ResourceCacheImpl) with class java.util.Collections$SynchronizedMap cache map.
2012-08-09 16:06:31,303 - Loaded System Directive: org.apache.velocity.runtime.directive.Stop
2012-08-09 16:06:31,305 - Loaded System Directive: org.apache.velocity.runtime.directive.Define
2012-08-09 16:06:31,305 - Loaded System Directive: org.apache.velocity.runtime.directive.Break
2012-08-09 16:06:31,306 - Loaded System Directive: org.apache.velocity.runtime.directive.Evaluate
2012-08-09 16:06:31,307 - Loaded System Directive: org.apache.velocity.runtime.directive.Literal
2012-08-09 16:06:31,309 - Loaded System Directive: org.apache.velocity.runtime.directive.Macro
2012-08-09 16:06:31,312 - Loaded System Directive: org.apache.velocity.runtime.directive.Parse
2012-08-09 16:06:31,314 - Loaded System Directive: org.apache.velocity.runtime.directive.Include
2012-08-09 16:06:31,315 - Loaded System Directive: org.apache.velocity.runtime.directive.Foreach
2012-08-09 16:06:31,557 - Created '20' parsers.
2012-08-09 16:06:31,564 - Velocimacro : "velocimacro.library" is not set.  Trying default library: VM_global_library.vm
2012-08-09 16:06:31,564 - Velocimacro : Default library not found.
2012-08-09 16:06:31,564 - Velocimacro : allowInline = true : VMs can be defined inline in templates
2012-08-09 16:06:31,565 - Velocimacro : allowInlineToOverride = false : VMs defined inline may NOT replace previous VM definitions
2012-08-09 16:06:31,565 - Velocimacro : allowInlineLocal = false : VMs defined inline will be global in scope if allowed.
2012-08-09 16:06:31,565 - Velocimacro : autoload off : VM system will not automatically reload global library macros
2012-08-09 16:06:31,568 - ResourceManager : unable to find resource 'example.vm' in any resource loader.
2012-08-09 16:06:48,943 - Log4JLogChute initialized using file 'velocity.log'
2012-08-09 16:06:48,956 - Initializing Velocity, Calling init()...
2012-08-09 16:06:48,957 - Starting Apache Velocity v1.7 (compiled: 2010-11-19 12:14:37)
2012-08-09 16:06:48,957 - Default Properties File: org/apache/velocity/runtime/defaults/velocity.properties
2012-08-09 16:06:48,957 - Trying to use logger class org.apache.velocity.runtime.log.AvalonLogChute
2012-08-09 16:06:48,957 - Target log system for org.apache.velocity.runtime.log.AvalonLogChute is not available (java.lang.NoClassDefFoundError: org/apache/log/format/Formatter).  Falling back to next log system...
2012-08-09 16:06:48,957 - Trying to use logger class org.apache.velocity.runtime.log.Log4JLogChute
2012-08-09 16:06:48,957 - Using logger class org.apache.velocity.runtime.log.Log4JLogChute
2012-08-09 16:06:48,963 - ResourceLoader instantiated: org.apache.velocity.runtime.resource.loader.FileResourceLoader
2012-08-09 16:06:48,964 - Do unicode file recognition:  false
2012-08-09 16:06:48,964 - FileResourceLoader : adding path '.'
2012-08-09 16:06:48,975 - ResourceCache: initialized (class org.apache.velocity.runtime.resource.ResourceCacheImpl) with class java.util.Collections$SynchronizedMap cache map.
2012-08-09 16:06:48,977 - Loaded System Directive: org.apache.velocity.runtime.directive.Stop
2012-08-09 16:06:48,978 - Loaded System Directive: org.apache.velocity.runtime.directive.Define
2012-08-09 16:06:48,979 - Loaded System Directive: org.apache.velocity.runtime.directive.Break
2012-08-09 16:06:48,980 - Loaded System Directive: org.apache.velocity.runtime.directive.Evaluate
2012-08-09 16:06:48,981 - Loaded System Directive: org.apache.velocity.runtime.directive.Literal
2012-08-09 16:06:48,982 - Loaded System Directive: org.apache.velocity.runtime.directive.Macro
2012-08-09 16:06:48,984 - Loaded System Directive: org.apache.velocity.runtime.directive.Parse
2012-08-09 16:06:48,985 - Loaded System Directive: org.apache.velocity.runtime.directive.Include
2012-08-09 16:06:48,986 - Loaded System Directive: org.apache.velocity.runtime.directive.Foreach
2012-08-09 16:06:49,039 - Created '20' parsers.
2012-08-09 16:06:49,049 - Velocimacro : "velocimacro.library" is not set.  Trying default library: VM_global_library.vm
2012-08-09 16:06:49,050 - Velocimacro : Default library not found.
2012-08-09 16:06:49,050 - Velocimacro : allowInline = true : VMs can be defined inline in templates
2012-08-09 16:06:49,050 - Velocimacro : allowInlineToOverride = false : VMs defined inline may NOT replace previous VM definitions
2012-08-09 16:06:49,050 - Velocimacro : allowInlineLocal = false : VMs defined inline will be global in scope if allowed.
2012-08-09 16:06:49,050 - Velocimacro : autoload off : VM system will not automatically reload global library macros
2012-08-09 16:06:49,053 - ResourceManager : unable to find resource '/Users/Rodrigo/Documents/spgroup/101companies-grails/101Companies/src/java/velocity/example.vm' in any resource loader.
2012-08-09 16:09:57,330 - Log4JLogChute initialized using file 'velocity.log'
2012-08-09 16:09:57,337 - Initializing Velocity, Calling init()...
2012-08-09 16:09:57,337 - Starting Apache Velocity v1.7 (compiled: 2010-11-19 12:14:37)
2012-08-09 16:09:57,337 - Default Properties File: org/apache/velocity/runtime/defaults/velocity.properties
2012-08-09 16:09:57,337 - Trying to use logger class org.apache.velocity.runtime.log.AvalonLogChute
2012-08-09 16:09:57,337 - Target log system for org.apache.velocity.runtime.log.AvalonLogChute is not available (java.lang.NoClassDefFoundError: org/apache/log/format/Formatter).  Falling back to next log system...
2012-08-09 16:09:57,337 - Trying to use logger class org.apache.velocity.runtime.log.Log4JLogChute
2012-08-09 16:09:57,337 - Using logger class org.apache.velocity.runtime.log.Log4JLogChute
2012-08-09 16:09:57,343 - ResourceLoader instantiated: org.apache.velocity.runtime.resource.loader.FileResourceLoader
2012-08-09 16:09:57,344 - Do unicode file recognition:  false
2012-08-09 16:09:57,344 - FileResourceLoader : adding path '.'
2012-08-09 16:09:57,361 - ResourceCache: initialized (class org.apache.velocity.runtime.resource.ResourceCacheImpl) with class java.util.Collections$SynchronizedMap cache map.
2012-08-09 16:09:57,363 - Loaded System Directive: org.apache.velocity.runtime.directive.Stop
2012-08-09 16:09:57,365 - Loaded System Directive: org.apache.velocity.runtime.directive.Define
2012-08-09 16:09:57,365 - Loaded System Directive: org.apache.velocity.runtime.directive.Break
2012-08-09 16:09:57,366 - Loaded System Directive: org.apache.velocity.runtime.directive.Evaluate
2012-08-09 16:09:57,367 - Loaded System Directive: org.apache.velocity.runtime.directive.Literal
2012-08-09 16:09:57,368 - Loaded System Directive: org.apache.velocity.runtime.directive.Macro
2012-08-09 16:09:57,370 - Loaded System Directive: org.apache.velocity.runtime.directive.Parse
2012-08-09 16:09:57,372 - Loaded System Directive: org.apache.velocity.runtime.directive.Include
2012-08-09 16:09:57,373 - Loaded System Directive: org.apache.velocity.runtime.directive.Foreach
2012-08-09 16:09:57,406 - Created '20' parsers.
2012-08-09 16:09:57,414 - Velocimacro : "velocimacro.library" is not set.  Trying default library: VM_global_library.vm
2012-08-09 16:09:57,532 - Velocimacro : Default library not found.
2012-08-09 16:09:57,532 - Velocimacro : allowInline = true : VMs can be defined inline in templates
2012-08-09 16:09:57,533 - Velocimacro : allowInlineToOverride = false : VMs defined inline may NOT replace previous VM definitions
2012-08-09 16:09:57,533 - Velocimacro : allowInlineLocal = false : VMs defined inline will be global in scope if allowed.
2012-08-09 16:09:57,533 - Velocimacro : autoload off : VM system will not automatically reload global library macros
2012-08-09 16:09:57,536 - ResourceManager : unable to find resource '/Users/Rodrigo/Documents/spgroup/101companies-grails/101Companies/src/java/velocity/example.vm' in any resource loader.
2012-08-09 16:12:17,925 - Log4JLogChute initialized using file 'velocity.log'
2012-08-09 16:12:17,926 - Initializing Velocity, Calling init()...
2012-08-09 16:12:17,926 - Starting Apache Velocity v1.7 (compiled: 2010-11-19 12:14:37)
2012-08-09 16:12:17,926 - Default Properties File: org/apache/velocity/runtime/defaults/velocity.properties
2012-08-09 16:12:17,926 - Trying to use logger class org.apache.velocity.runtime.log.AvalonLogChute
2012-08-09 16:12:17,926 - Target log system for org.apache.velocity.runtime.log.AvalonLogChute is not available (java.lang.NoClassDefFoundError: org/apache/log/format/Formatter).  Falling back to next log system...
2012-08-09 16:12:17,926 - Trying to use logger class org.apache.velocity.runtime.log.Log4JLogChute
2012-08-09 16:12:17,926 - Using logger class org.apache.velocity.runtime.log.Log4JLogChute
2012-08-09 16:12:17,931 - ResourceLoader instantiated: org.apache.velocity.runtime.resource.loader.FileResourceLoader
2012-08-09 16:12:17,934 - Do unicode file recognition:  false
2012-08-09 16:12:17,934 - FileResourceLoader : adding path '.'
2012-08-09 16:12:17,945 - ResourceCache: initialized (class org.apache.velocity.runtime.resource.ResourceCacheImpl) with class java.util.Collections$SynchronizedMap cache map.
2012-08-09 16:12:17,947 - Loaded System Directive: org.apache.velocity.runtime.directive.Stop
2012-08-09 16:12:17,948 - Loaded System Directive: org.apache.velocity.runtime.directive.Define
2012-08-09 16:12:17,949 - Loaded System Directive: org.apache.velocity.runtime.directive.Break
2012-08-09 16:12:17,950 - Loaded System Directive: org.apache.velocity.runtime.directive.Evaluate
2012-08-09 16:12:17,950 - Loaded System Directive: org.apache.velocity.runtime.directive.Literal
2012-08-09 16:12:17,952 - Loaded System Directive: org.apache.velocity.runtime.directive.Macro
2012-08-09 16:12:17,954 - Loaded System Directive: org.apache.velocity.runtime.directive.Parse
2012-08-09 16:12:17,956 - Loaded System Directive: org.apache.velocity.runtime.directive.Include
2012-08-09 16:12:17,957 - Loaded System Directive: org.apache.velocity.runtime.directive.Foreach
2012-08-09 16:12:17,994 - Created '20' parsers.
2012-08-09 16:12:18,006 - Velocimacro : "velocimacro.library" is not set.  Trying default library: VM_global_library.vm
2012-08-09 16:12:18,006 - Velocimacro : Default library not found.
2012-08-09 16:12:18,006 - Velocimacro : allowInline = true : VMs can be defined inline in templates
2012-08-09 16:12:18,006 - Velocimacro : allowInlineToOverride = false : VMs defined inline may NOT replace previous VM definitions
2012-08-09 16:12:18,006 - Velocimacro : allowInlineLocal = false : VMs defined inline will be global in scope if allowed.
2012-08-09 16:12:18,007 - Velocimacro : autoload off : VM system will not automatically reload global library macros
2012-08-09 16:12:18,010 - ResourceManager : unable to find resource 'example.vm' in any resource loader.
2012-08-09 16:18:27,151 - Log4JLogChute initialized using file 'velocity.log'
2012-08-09 16:18:27,168 - Initializing Velocity, Calling init()...
2012-08-09 16:18:27,168 - Starting Apache Velocity v1.7 (compiled: 2010-11-19 12:14:37)
2012-08-09 16:18:27,168 - Default Properties File: org/apache/velocity/runtime/defaults/velocity.properties
2012-08-09 16:18:27,168 - Trying to use logger class org.apache.velocity.runtime.log.AvalonLogChute
2012-08-09 16:18:27,186 - Target log system for org.apache.velocity.runtime.log.AvalonLogChute is not available (java.lang.NoClassDefFoundError: org/apache/log/format/Formatter).  Falling back to next log system...
2012-08-09 16:18:27,186 - Trying to use logger class org.apache.velocity.runtime.log.Log4JLogChute
2012-08-09 16:18:27,186 - Using logger class org.apache.velocity.runtime.log.Log4JLogChute
2012-08-09 16:18:27,192 - ResourceLoader instantiated: org.apache.velocity.runtime.resource.loader.FileResourceLoader
2012-08-09 16:18:27,193 - Do unicode file recognition:  false
2012-08-09 16:18:27,194 - FileResourceLoader : adding path '.'
2012-08-09 16:18:27,209 - ResourceCache: initialized (class org.apache.velocity.runtime.resource.ResourceCacheImpl) with class java.util.Collections$SynchronizedMap cache map.
2012-08-09 16:18:27,211 - Loaded System Directive: org.apache.velocity.runtime.directive.Stop
2012-08-09 16:18:27,212 - Loaded System Directive: org.apache.velocity.runtime.directive.Define
2012-08-09 16:18:27,213 - Loaded System Directive: org.apache.velocity.runtime.directive.Break
2012-08-09 16:18:27,214 - Loaded System Directive: org.apache.velocity.runtime.directive.Evaluate
2012-08-09 16:18:27,215 - Loaded System Directive: org.apache.velocity.runtime.directive.Literal
2012-08-09 16:18:27,216 - Loaded System Directive: org.apache.velocity.runtime.directive.Macro
2012-08-09 16:18:27,218 - Loaded System Directive: org.apache.velocity.runtime.directive.Parse
2012-08-09 16:18:27,219 - Loaded System Directive: org.apache.velocity.runtime.directive.Include
2012-08-09 16:18:27,221 - Loaded System Directive: org.apache.velocity.runtime.directive.Foreach
2012-08-09 16:18:27,257 - Created '20' parsers.
2012-08-09 16:18:27,265 - Velocimacro : "velocimacro.library" is not set.  Trying default library: VM_global_library.vm
2012-08-09 16:18:27,265 - Velocimacro : Default library not found.
2012-08-09 16:18:27,265 - Velocimacro : allowInline = true : VMs can be defined inline in templates
2012-08-09 16:18:27,265 - Velocimacro : allowInlineToOverride = false : VMs defined inline may NOT replace previous VM definitions
2012-08-09 16:18:27,265 - Velocimacro : allowInlineLocal = false : VMs defined inline will be global in scope if allowed.
2012-08-09 16:18:27,266 - Velocimacro : autoload off : VM system will not automatically reload global library macros
2012-08-09 16:18:27,269 - ResourceManager : unable to find resource 'example.vm' in any resource loader.
2012-08-09 16:19:47,514 - Log4JLogChute initialized using file 'velocity.log'
2012-08-09 16:19:47,524 - Initializing Velocity, Calling init()...
2012-08-09 16:19:47,524 - Starting Apache Velocity v1.7 (compiled: 2010-11-19 12:14:37)
2012-08-09 16:19:47,524 - Default Properties File: org/apache/velocity/runtime/defaults/velocity.properties
2012-08-09 16:19:47,524 - Trying to use logger class org.apache.velocity.runtime.log.AvalonLogChute
2012-08-09 16:19:47,524 - Target log system for org.apache.velocity.runtime.log.AvalonLogChute is not available (java.lang.NoClassDefFoundError: org/apache/log/format/Formatter).  Falling back to next log system...
2012-08-09 16:19:47,524 - Trying to use logger class org.apache.velocity.runtime.log.Log4JLogChute
2012-08-09 16:19:47,524 - Using logger class org.apache.velocity.runtime.log.Log4JLogChute
2012-08-09 16:19:47,530 - ResourceLoader instantiated: org.apache.velocity.runtime.resource.loader.FileResourceLoader
2012-08-09 16:19:47,531 - Do unicode file recognition:  false
2012-08-09 16:19:47,531 - FileResourceLoader : adding path '.'
2012-08-09 16:19:47,545 - ResourceCache: initialized (class org.apache.velocity.runtime.resource.ResourceCacheImpl) with class java.util.Collections$SynchronizedMap cache map.
2012-08-09 16:19:47,547 - Loaded System Directive: org.apache.velocity.runtime.directive.Stop
2012-08-09 16:19:47,548 - Loaded System Directive: org.apache.velocity.runtime.directive.Define
2012-08-09 16:19:47,549 - Loaded System Directive: org.apache.velocity.runtime.directive.Break
2012-08-09 16:19:47,589 - Loaded System Directive: org.apache.velocity.runtime.directive.Evaluate
2012-08-09 16:19:47,590 - Loaded System Directive: org.apache.velocity.runtime.directive.Literal
2012-08-09 16:19:47,592 - Loaded System Directive: org.apache.velocity.runtime.directive.Macro
2012-08-09 16:19:47,595 - Loaded System Directive: org.apache.velocity.runtime.directive.Parse
2012-08-09 16:19:47,596 - Loaded System Directive: org.apache.velocity.runtime.directive.Include
2012-08-09 16:19:47,598 - Loaded System Directive: org.apache.velocity.runtime.directive.Foreach
2012-08-09 16:19:47,630 - Created '20' parsers.
2012-08-09 16:19:47,640 - Velocimacro : "velocimacro.library" is not set.  Trying default library: VM_global_library.vm
2012-08-09 16:19:47,641 - Velocimacro : Default library not found.
2012-08-09 16:19:47,641 - Velocimacro : allowInline = true : VMs can be defined inline in templates
2012-08-09 16:19:47,641 - Velocimacro : allowInlineToOverride = false : VMs defined inline may NOT replace previous VM definitions
2012-08-09 16:19:47,641 - Velocimacro : allowInlineLocal = false : VMs defined inline will be global in scope if allowed.
2012-08-09 16:19:47,641 - Velocimacro : autoload off : VM system will not automatically reload global library macros
2012-08-09 16:19:47,644 - ResourceManager : unable to find resource 'example.vm' in any resource loader.
2012-08-09 16:24:03,802 - Log4JLogChute initialized using file 'velocity.log'
2012-08-09 16:24:03,825 - Initializing Velocity, Calling init()...
2012-08-09 16:24:03,825 - Starting Apache Velocity v1.7 (compiled: 2010-11-19 12:14:37)
2012-08-09 16:24:03,825 - Default Properties File: org/apache/velocity/runtime/defaults/velocity.properties
2012-08-09 16:24:03,825 - Trying to use logger class org.apache.velocity.runtime.log.AvalonLogChute
2012-08-09 16:24:03,825 - Target log system for org.apache.velocity.runtime.log.AvalonLogChute is not available (java.lang.NoClassDefFoundError: org/apache/log/format/Formatter).  Falling back to next log system...
2012-08-09 16:24:03,826 - Trying to use logger class org.apache.velocity.runtime.log.Log4JLogChute
2012-08-09 16:24:03,826 - Using logger class org.apache.velocity.runtime.log.Log4JLogChute
2012-08-09 16:24:03,837 - ResourceLoader instantiated: org.apache.velocity.runtime.resource.loader.FileResourceLoader
2012-08-09 16:24:03,838 - Do unicode file recognition:  false
2012-08-09 16:24:03,838 - FileResourceLoader : adding path '.'
2012-08-09 16:24:03,854 - ResourceCache: initialized (class org.apache.velocity.runtime.resource.ResourceCacheImpl) with class java.util.Collections$SynchronizedMap cache map.
2012-08-09 16:24:03,879 - Loaded System Directive: org.apache.velocity.runtime.directive.Stop
2012-08-09 16:24:03,882 - Loaded System Directive: org.apache.velocity.runtime.directive.Define
2012-08-09 16:24:03,884 - Loaded System Directive: org.apache.velocity.runtime.directive.Break
2012-08-09 16:24:03,885 - Loaded System Directive: org.apache.velocity.runtime.directive.Evaluate
2012-08-09 16:24:03,886 - Loaded System Directive: org.apache.velocity.runtime.directive.Literal
2012-08-09 16:24:03,888 - Loaded System Directive: org.apache.velocity.runtime.directive.Macro
2012-08-09 16:24:03,889 - Loaded System Directive: org.apache.velocity.runtime.directive.Parse
2012-08-09 16:24:03,891 - Loaded System Directive: org.apache.velocity.runtime.directive.Include
2012-08-09 16:24:03,893 - Loaded System Directive: org.apache.velocity.runtime.directive.Foreach
2012-08-09 16:24:04,049 - Created '20' parsers.
2012-08-09 16:24:04,057 - Velocimacro : "velocimacro.library" is not set.  Trying default library: VM_global_library.vm
2012-08-09 16:24:04,057 - Velocimacro : Default library not found.
2012-08-09 16:24:04,057 - Velocimacro : allowInline = true : VMs can be defined inline in templates
2012-08-09 16:24:04,057 - Velocimacro : allowInlineToOverride = false : VMs defined inline may NOT replace previous VM definitions
2012-08-09 16:24:04,057 - Velocimacro : allowInlineLocal = false : VMs defined inline will be global in scope if allowed.
2012-08-09 16:24:04,207 - Velocimacro : autoload off : VM system will not automatically reload global library macros
2012-08-09 16:24:04,209 - ResourceManager : unable to find resource 'example.vm' in any resource loader.
2012-08-09 16:24:56,238 - Log4JLogChute initialized using file 'velocity.log'
2012-08-09 16:24:56,386 - Initializing Velocity, Calling init()...
2012-08-09 16:24:56,386 - Starting Apache Velocity v1.7 (compiled: 2010-11-19 12:14:37)
2012-08-09 16:24:56,398 - Default Properties File: org/apache/velocity/runtime/defaults/velocity.properties
2012-08-09 16:24:56,398 - Trying to use logger class org.apache.velocity.runtime.log.AvalonLogChute
2012-08-09 16:24:56,398 - Target log system for org.apache.velocity.runtime.log.AvalonLogChute is not available (java.lang.NoClassDefFoundError: org/apache/log/format/Formatter).  Falling back to next log system...
2012-08-09 16:24:56,398 - Trying to use logger class org.apache.velocity.runtime.log.Log4JLogChute
2012-08-09 16:24:56,398 - Using logger class org.apache.velocity.runtime.log.Log4JLogChute
2012-08-09 16:24:56,409 - ResourceLoader instantiated: org.apache.velocity.runtime.resource.loader.FileResourceLoader
2012-08-09 16:24:56,411 - Do unicode file recognition:  false
2012-08-09 16:24:56,411 - FileResourceLoader : adding path '.'
2012-08-09 16:24:56,428 - ResourceCache: initialized (class org.apache.velocity.runtime.resource.ResourceCacheImpl) with class java.util.Collections$SynchronizedMap cache map.
2012-08-09 16:24:56,431 - Loaded System Directive: org.apache.velocity.runtime.directive.Stop
2012-08-09 16:24:56,433 - Loaded System Directive: org.apache.velocity.runtime.directive.Define
2012-08-09 16:24:56,435 - Loaded System Directive: org.apache.velocity.runtime.directive.Break
2012-08-09 16:24:56,436 - Loaded System Directive: org.apache.velocity.runtime.directive.Evaluate
2012-08-09 16:24:56,437 - Loaded System Directive: org.apache.velocity.runtime.directive.Literal
2012-08-09 16:24:56,440 - Loaded System Directive: org.apache.velocity.runtime.directive.Macro
2012-08-09 16:24:56,442 - Loaded System Directive: org.apache.velocity.runtime.directive.Parse
2012-08-09 16:24:56,445 - Loaded System Directive: org.apache.velocity.runtime.directive.Include
2012-08-09 16:24:56,447 - Loaded System Directive: org.apache.velocity.runtime.directive.Foreach
2012-08-09 16:24:56,498 - Created '20' parsers.
2012-08-09 16:24:56,508 - Velocimacro : "velocimacro.library" is not set.  Trying default library: VM_global_library.vm
2012-08-09 16:24:56,508 - Velocimacro : Default library not found.
2012-08-09 16:24:56,508 - Velocimacro : allowInline = true : VMs can be defined inline in templates
2012-08-09 16:24:56,509 - Velocimacro : allowInlineToOverride = false : VMs defined inline may NOT replace previous VM definitions
2012-08-09 16:24:56,509 - Velocimacro : allowInlineLocal = false : VMs defined inline will be global in scope if allowed.
2012-08-09 16:24:56,509 - Velocimacro : autoload off : VM system will not automatically reload global library macros
2012-08-09 16:24:56,510 - ResourceManager : unable to find resource 'example.vm' in any resource loader.
